<?xml version="1.0" encoding="UTF-8"?>
<testsuite xmlns:xsi="http://www.w3.org/2001/XMLSchema-instance" xsi:noNamespaceSchemaLocation="https://maven.apache.org/surefire/maven-surefire-plugin/xsd/surefire-test-report.xsd" name="com.example.QuadraticEquationSolverTest" time="0.097" tests="91" errors="0" skipped="0" failures="0">
  <properties>
[...]
</properties>
  <testcase name="testSolveA_TresGrandNegatif_B_ProcheDeZeroNegatif_C_TresProcheDeZeroPositif_" classname="com.example.QuadraticEquationSolverTest" time="0.012"/>
  <testcase name="testSolveA_ProcheDeZeroPositif_B_TresGrandPositif_C_PositifNormal_" classname="com.example.QuadraticEquationSolverTest" time="0.002"/>
  <testcase name="testSolveA_ProcheDeZeroNegatif_B_ProcheDeZeroPositif_C_TresProcheDeZeroNegatif_" classname="com.example.QuadraticEquationSolverTest" time="0.002"/>
  <testcase name="testSolveA_TresGrandNegatif_B_TresProcheDeZeroPositif_C_TresProcheDeZeroNegatif_" classname="com.example.QuadraticEquationSolverTest" time="0.001"/>
  <testcase name="testSolveA_TresGrandPositif_B_TresGrandNegatif_C_PositifNormal_" classname="com.example.QuadraticEquationSolverTest" time="0.001"/>
  <testcase name="testSolveA_NegatifNormal_B_TresGrandPositif_C_ProcheDeZeroPositif_" classname="com.example.QuadraticEquationSolverTest" time="0.001"/>
  <testcase name="testSolveA_NegatifNormal_B_Zero_C_NegatifNormal_" classname="com.example.QuadraticEquationSolverTest" time="0.001"/>
  <testcase name="testSolveA_TresGrandNegatif_B_Zero_C_PositifNormal_" classname="com.example.QuadraticEquationSolverTest" time="0.002"/>
  <testcase name="testSolveA_ProcheDeZeroPositif_B_TresGrandNegatif_C_TresGrandNegatif_" classname="com.example.QuadraticEquationSolverTest" time="0"/>
  <testcase name="testSolveA_PositifNormal_B_TresProcheDeZeroPositif_C_ProcheDeZeroPositif_" classname="com.example.QuadraticEquationSolverTest" time="0.001"/>
  <testcase name="testSolveA_TresProcheDeZeroNegatif_B_TresProcheDeZeroPositif_C_TresGrandPositif_" classname="com.example.QuadraticEquationSolverTest" time="0.001"/>
  <testcase name="testSolveA_ProcheDeZeroPositif_B_ProcheDeZeroNegatif_C_ProcheDeZeroNegatif_" classname="com.example.QuadraticEquationSolverTest" time="0"/>
  <testcase name="testSolveA_NegatifNormal_B_Zero_C_TresGrandPositif_" classname="com.example.QuadraticEquationSolverTest" time="0"/>
  <testcase name="testSolveA_NegatifNormal_B_TresProcheDeZeroNegatif_C_PositifNormal_" classname="com.example.QuadraticEquationSolverTest" time="0"/>
  <testcase name="testSolveA_TresProcheDeZeroPositif_B_TresProcheDeZeroNegatif_C_NegatifNormal_" classname="com.example.QuadraticEquationSolverTest" time="0"/>
  <testcase name="testSolveA_PositifNormal_B_ProcheDeZeroNegatif_C_NegatifNormal_" classname="com.example.QuadraticEquationSolverTest" time="0.001"/>
  <testcase name="testSolveA_TresGrandNegatif_B_TresGrandPositif_C_Zero_" classname="com.example.QuadraticEquationSolverTest" time="0.002"/>
  <testcase name="testSolveA_TresProcheDeZeroPositif_B_TresGrandNegatif_C_TresProcheDeZeroNegatif_" classname="com.example.QuadraticEquationSolverTest" time="0.001"/>
  <testcase name="testSolveA_TresProcheDeZeroNegatif_B_ProcheDeZeroPositif_C_TresProcheDeZeroNegatif_" classname="com.example.QuadraticEquationSolverTest" time="0.002"/>
  <testcase name="testSolveA_ProcheDeZeroNegatif_B_ProcheDeZeroNegatif_C_PositifNormal_" classname="com.example.QuadraticEquationSolverTest" time="0.003"/>
  <testcase name="testSolveA_TresGrandPositif_B_ProcheDeZeroPositif_C_ProcheDeZeroPositif_" classname="com.example.QuadraticEquationSolverTest" time="0.001"/>
  <testcase name="testSolveA_TresGrandPositif_B_NegatifNormal_C_TresGrandPositif_" classname="com.example.QuadraticEquationSolverTest" time="0.001"/>
  <testcase name="testSolveA_Zero_B_TresProcheDeZeroPositif_C_PositifNormal_" classname="com.example.QuadraticEquationSolverTest" time="0.001"/>
  <testcase name="testSolveA_TresGrandPositif_B_TresProcheDeZeroNegatif_C_ProcheDeZeroPositif_" classname="com.example.QuadraticEquationSolverTest" time="0.001"/>
  <testcase name="testSolveA_TresGrandPositif_B_ProcheDeZeroNegatif_C_Zero_" classname="com.example.QuadraticEquationSolverTest" time="0.001"/>
  <testcase name="testSolveA_ProcheDeZeroNegatif_B_TresProcheDeZeroPositif_C_ProcheDeZeroNegatif_" classname="com.example.QuadraticEquationSolverTest" time="0.001"/>
  <testcase name="testSolveA_NegatifNormal_B_ProcheDeZeroNegatif_C_TresProcheDeZeroPositif_" classname="com.example.QuadraticEquationSolverTest" time="0.002"/>
  <testcase name="testSolveA_ProcheDeZeroPositif_B_NegatifNormal_C_ProcheDeZeroPositif_" classname="com.example.QuadraticEquationSolverTest" time="0"/>
  <testcase name="testSolveA_Zero_B_TresGrandPositif_C_TresGrandPositif_" classname="com.example.QuadraticEquationSolverTest" time="0.001"/>
  <testcase name="testSolveA_ProcheDeZeroNegatif_B_TresGrandNegatif_C_TresGrandPositif_" classname="com.example.QuadraticEquationSolverTest" time="0"/>
  <testcase name="testSolveA_Zero_B_NegatifNormal_C_NegatifNormal_" classname="com.example.QuadraticEquationSolverTest" time="0.001"/>
  <testcase name="testSolveA_PositifNormal_B_TresGrandNegatif_C_TresProcheDeZeroNegatif_" classname="com.example.QuadraticEquationSolverTest" time="0.001"/>
  <testcase name="testSolveA_TresGrandNegatif_B_TresGrandNegatif_C_ProcheDeZeroPositif_" classname="com.example.QuadraticEquationSolverTest" time="0.001"/>
  <testcase name="testSolveA_ProcheDeZeroPositif_B_TresProcheDeZeroNegatif_C_TresProcheDeZeroNegatif_" classname="com.example.QuadraticEquationSolverTest" time="0.001"/>
  <testcase name="testSolveA_TresProcheDeZeroNegatif_B_ProcheDeZeroPositif_C_PositifNormal_" classname="com.example.QuadraticEquationSolverTest" time="0.002"/>
  <testcase name="testSolveA_NegatifNormal_B_NegatifNormal_C_TresProcheDeZeroNegatif_" classname="com.example.QuadraticEquationSolverTest" time="0.001"/>
  <testcase name="testSolveA_Zero_B_TresGrandNegatif_C_TresProcheDeZeroPositif_" classname="com.example.QuadraticEquationSolverTest" time="0.001"/>
  <testcase name="testSolveA_ProcheDeZeroPositif_B_TresProcheDeZeroPositif_C_Zero_" classname="com.example.QuadraticEquationSolverTest" time="0"/>
  <testcase name="testSolveA_TresProcheDeZeroPositif_B_ProcheDeZeroPositif_C_TresProcheDeZeroPositif_" classname="com.example.QuadraticEquationSolverTest" time="0.001"/>
  <testcase name="testSolveA_PositifNormal_B_TresProcheDeZeroNegatif_C_TresProcheDeZeroPositif_" classname="com.example.QuadraticEquationSolverTest" time="0.001"/>
  <testcase name="testSolveA_ProcheDeZeroPositif_B_ProcheDeZeroPositif_C_NegatifNormal_" classname="com.example.QuadraticEquationSolverTest" time="0.001"/>
  <testcase name="testSolveA_TresProcheDeZeroPositif_B_ProcheDeZeroNegatif_C_TresGrandPositif_" classname="com.example.QuadraticEquationSolverTest" time="0.001"/>
  <testcase name="testSolveA_TresGrandNegatif_B_PositifNormal_C_NegatifNormal_" classname="com.example.QuadraticEquationSolverTest" time="0"/>
  <testcase name="testSolveA_TresGrandPositif_B_TresProcheDeZeroPositif_C_TresProcheDeZeroPositif_" classname="com.example.QuadraticEquationSolverTest" time="0.001"/>
  <testcase name="testSolveA_TresProcheDeZeroNegatif_B_Zero_C_ProcheDeZeroNegatif_" classname="com.example.QuadraticEquationSolverTest" time="0"/>
  <testcase name="testSolveA_ProcheDeZeroNegatif_B_NegatifNormal_C_TresProcheDeZeroPositif_" classname="com.example.QuadraticEquationSolverTest" time="0.001"/>
  <testcase name="testSolveA_TresProcheDeZeroNegatif_B_TresProcheDeZeroNegatif_C_TresGrandPositif_" classname="com.example.QuadraticEquationSolverTest" time="0"/>
  <testcase name="testSolveA_TresGrandPositif_B_TresGrandPositif_C_NegatifNormal_" classname="com.example.QuadraticEquationSolverTest" time="0.001"/>
  <testcase name="testSolveA_TresProcheDeZeroNegatif_B_TresGrandNegatif_C_NegatifNormal_" classname="com.example.QuadraticEquationSolverTest" time="0.002"/>
  <testcase name="testSolveA_TresGrandPositif_B_PositifNormal_C_TresGrandNegatif_" classname="com.example.QuadraticEquationSolverTest" time="0.001"/>
  <testcase name="testSolveA_TresProcheDeZeroPositif_B_PositifNormal_C_ProcheDeZeroPositif_" classname="com.example.QuadraticEquationSolverTest" time="0"/>
  <testcase name="testSolveA_ProcheDeZeroNegatif_B_PositifNormal_C_NegatifNormal_" classname="com.example.QuadraticEquationSolverTest" time="0.001"/>
  <testcase name="testSolveA_Zero_B_PositifNormal_C_TresProcheDeZeroNegatif_" classname="com.example.QuadraticEquationSolverTest" time="0.002"/>
  <testcase name="testSolveA_PositifNormal_B_NegatifNormal_C_ProcheDeZeroNegatif_" classname="com.example.QuadraticEquationSolverTest" time="0.001"/>
  <testcase name="testSolveA_PositifNormal_B_Zero_C_PositifNormal_" classname="com.example.QuadraticEquationSolverTest" time="0"/>
  <testcase name="testSolveA_TresProcheDeZeroPositif_B_TresGrandPositif_C_TresProcheDeZeroNegatif_" classname="com.example.QuadraticEquationSolverTest" time="0"/>
  <testcase name="testSolveA_ProcheDeZeroPositif_B_Zero_C_TresProcheDeZeroPositif_" classname="com.example.QuadraticEquationSolverTest" time="0.001"/>
  <testcase name="testSolveA_NegatifNormal_B_TresProcheDeZeroPositif_C_NegatifNormal_" classname="com.example.QuadraticEquationSolverTest" time="0.001"/>
  <testcase name="testSolveA_ProcheDeZeroPositif_B_TresGrandPositif_C_ProcheDeZeroNegatif_" classname="com.example.QuadraticEquationSolverTest" time="0.001"/>
  <testcase name="testSolveA_TresProcheDeZeroPositif_B_TresProcheDeZeroPositif_C_ProcheDeZeroNegatif_" classname="com.example.QuadraticEquationSolverTest" time="0"/>
  <testcase name="testSolveA_PositifNormal_B_NegatifNormal_C_PositifNormal_" classname="com.example.QuadraticEquationSolverTest" time="0"/>
  <testcase name="testSolveA_TresGrandNegatif_B_ProcheDeZeroPositif_C_TresGrandPositif_" classname="com.example.QuadraticEquationSolverTest" time="0.002"/>
  <testcase name="testSolveA_Zero_B_ProcheDeZeroPositif_C_ProcheDeZeroNegatif_" classname="com.example.QuadraticEquationSolverTest" time="0"/>
  <testcase name="testSolveA_ProcheDeZeroPositif_B_TresGrandPositif_C_TresProcheDeZeroPositif_" classname="com.example.QuadraticEquationSolverTest" time="0.001"/>
  <testcase name="testSolveA_ProcheDeZeroNegatif_B_Zero_C_Zero_" classname="com.example.QuadraticEquationSolverTest" time="0.001"/>
  <testcase name="testSolveA_ProcheDeZeroNegatif_B_TresProcheDeZeroNegatif_C_TresGrandNegatif_" classname="com.example.QuadraticEquationSolverTest" time="0"/>
  <testcase name="testSolveA_Zero_B_TresProcheDeZeroNegatif_C_Zero_" classname="com.example.QuadraticEquationSolverTest" time="0"/>
  <testcase name="testSolveA_NegatifNormal_B_ProcheDeZeroPositif_C_TresGrandNegatif_" classname="com.example.QuadraticEquationSolverTest" time="0.001"/>
  <testcase name="testSolveA_TresGrandPositif_B_Zero_C_TresProcheDeZeroNegatif_" classname="com.example.QuadraticEquationSolverTest" time="0.001"/>
  <testcase name="testSolveA_TresProcheDeZeroPositif_B_TresProcheDeZeroPositif_C_TresGrandNegatif_" classname="com.example.QuadraticEquationSolverTest" time="0"/>
  <testcase name="testSolveA_TresProcheDeZeroPositif_B_NegatifNormal_C_Zero_" classname="com.example.QuadraticEquationSolverTest" time="0"/>
  <testcase name="testSolveA_PositifNormal_B_PositifNormal_C_Zero_" classname="com.example.QuadraticEquationSolverTest" time="0.001"/>
  <testcase name="testSolveA_PositifNormal_B_Zero_C_TresGrandPositif_" classname="com.example.QuadraticEquationSolverTest" time="0.001"/>
  <testcase name="testSolveA_Zero_B_Zero_C_TresGrandNegatif_" classname="com.example.QuadraticEquationSolverTest" time="0.001"/>
  <testcase name="testSolveA_TresGrandNegatif_B_NegatifNormal_C_TresGrandNegatif_" classname="com.example.QuadraticEquationSolverTest" time="0.001"/>
  <testcase name="testSolveA_TresProcheDeZeroNegatif_B_PositifNormal_C_TresProcheDeZeroPositif_" classname="com.example.QuadraticEquationSolverTest" time="0"/>
  <testcase name="testSolveA_ProcheDeZeroPositif_B_ProcheDeZeroNegatif_C_TresProcheDeZeroNegatif_" classname="com.example.QuadraticEquationSolverTest" time="0.001"/>
  <testcase name="testSolveA_TresProcheDeZeroPositif_B_Zero_C_ProcheDeZeroPositif_" classname="com.example.QuadraticEquationSolverTest" time="0"/>
  <testcase name="testSolveA_TresGrandPositif_B_TresGrandNegatif_C_ProcheDeZeroNegatif_" classname="com.example.QuadraticEquationSolverTest" time="0.001"/>
  <testcase name="testSolveA_TresProcheDeZeroNegatif_B_TresGrandPositif_C_Zero_" classname="com.example.QuadraticEquationSolverTest" time="0"/>
  <testcase name="testSolveA_ProcheDeZeroPositif_B_PositifNormal_C_TresGrandPositif_" classname="com.example.QuadraticEquationSolverTest" time="0"/>
  <testcase name="testSolveA_Zero_B_ProcheDeZeroNegatif_C_ProcheDeZeroPositif_" classname="com.example.QuadraticEquationSolverTest" time="0.001"/>
  <testcase name="testSolveA_TresProcheDeZeroPositif_B_PositifNormal_C_PositifNormal_" classname="com.example.QuadraticEquationSolverTest" time="0"/>
  <testcase name="testSolveA_PositifNormal_B_ProcheDeZeroPositif_C_Zero_" classname="com.example.QuadraticEquationSolverTest" time="0.001"/>
  <testcase name="testSolveA_NegatifNormal_B_TresGrandNegatif_C_Zero_" classname="com.example.QuadraticEquationSolverTest" time="0"/>
  <testcase name="testSolveA_PositifNormal_B_TresGrandPositif_C_TresGrandNegatif_" classname="com.example.QuadraticEquationSolverTest" time="0.001"/>
  <testcase name="testSolveA_TresProcheDeZeroNegatif_B_ProcheDeZeroNegatif_C_TresGrandNegatif_" classname="com.example.QuadraticEquationSolverTest" time="0"/>
  <testcase name="testSolveA_NegatifNormal_B_PositifNormal_C_ProcheDeZeroNegatif_" classname="com.example.QuadraticEquationSolverTest" time="0"/>
  <testcase name="testSolveA_TresGrandNegatif_B_TresProcheDeZeroNegatif_C_ProcheDeZeroNegatif_" classname="com.example.QuadraticEquationSolverTest" time="0.001"/>
  <testcase name="testSolveA_ProcheDeZeroNegatif_B_TresGrandPositif_C_ProcheDeZeroPositif_" classname="com.example.QuadraticEquationSolverTest" time="0.002"/>
  <testcase name="testSolveA_TresProcheDeZeroNegatif_B_NegatifNormal_C_ProcheDeZeroPositif_" classname="com.example.QuadraticEquationSolverTest" time="0"/>
</testsuite>